# JRE version: OpenJDK Runtime Environment (8.0_212-b04) (build 1.8.0_212-release-1586-b04)
# Java VM: OpenJDK 64-Bit Server VM (25.212-b04 mixed mode windows-amd64 compressed oops)
Heap:
 PSYoungGen      total 446976K, used 131661K [0x00000000e0000000, 0x0000000100000000, 0x0000000100000000)
  eden space 380928K, 19% used [0x00000000e0000000,0x00000000e4895300,0x00000000f7400000)
  from space 66048K, 86% used [0x00000000fbf80000,0x00000000ff77e1d0,0x0000000100000000)
  to   space 71680K, 0% used [0x00000000f7400000,0x00000000f7400000,0x00000000fba00000)
 ParOldGen       total 212480K, used 110222K [0x00000000a0000000, 0x00000000acf80000, 0x00000000e0000000)
  object space 212480K, 51% used [0x00000000a0000000,0x00000000a6ba39f8,0x00000000acf80000)
 Metaspace       used 147024K, capacity 157356K, committed 157568K, reserved 1185792K
  class space    used 18955K, capacity 21061K, committed 21120K, reserved 1048576K
GC Heap History (10 events):
Event: 2941.968 GC heap before
{Heap before GC invocations=36 (full 4):
 PSYoungGen      total 456192K, used 455804K [0x00000000e0000000, 0x0000000100000000, 0x0000000100000000)
  eden space 414208K, 100% used [0x00000000e0000000,0x00000000f9480000,0x00000000f9480000)
  from space 41984K, 99% used [0x00000000f9480000,0x00000000fbd1f0b0,0x00000000fbd80000)
  to   space 56832K, 0% used [0x00000000fc880000,0x00000000fc880000,0x0000000100000000)
 ParOldGen       total 212480K, used 110182K [0x00000000a0000000, 0x00000000acf80000, 0x00000000e0000000)
  object space 212480K, 51% used [0x00000000a0000000,0x00000000a6b999f8,0x00000000acf80000)
 Metaspace       used 130314K, capacity 137554K, committed 137600K, reserved 1169408K
  class space    used 16784K, capacity 18292K, committed 18304K, reserved 1048576K
Event: 2942.008 GC heap after
Heap after GC invocations=36 (full 4):
 PSYoungGen      total 462336K, used 42784K [0x00000000e0000000, 0x0000000100000000, 0x0000000100000000)
  eden space 405504K, 0% used [0x00000000e0000000,0x00000000e0000000,0x00000000f8c00000)
  from space 56832K, 75% used [0x00000000fc880000,0x00000000ff248230,0x0000000100000000)
  to   space 59392K, 0% used [0x00000000f8c00000,0x00000000f8c00000,0x00000000fc600000)
 ParOldGen       total 212480K, used 110190K [0x00000000a0000000, 0x00000000acf80000, 0x00000000e0000000)
  object space 212480K, 51% used [0x00000000a0000000,0x00000000a6b9b9f8,0x00000000acf80000)
 Metaspace       used 130314K, capacity 137554K, committed 137600K, reserved 1169408K
  class space    used 16784K, capacity 18292K, committed 18304K, reserved 1048576K
}
Event: 4452.457 GC heap before
{Heap before GC invocations=37 (full 4):
 PSYoungGen      total 462336K, used 448288K [0x00000000e0000000, 0x0000000100000000, 0x0000000100000000)
  eden space 405504K, 100% used [0x00000000e0000000,0x00000000f8c00000,0x00000000f8c00000)
  from space 56832K, 75% used [0x00000000fc880000,0x00000000ff248230,0x0000000100000000)
  to   space 59392K, 0% used [0x00000000f8c00000,0x00000000f8c00000,0x00000000fc600000)
 ParOldGen       total 212480K, used 110190K [0x00000000a0000000, 0x00000000acf80000, 0x00000000e0000000)
  object space 212480K, 51% used [0x00000000a0000000,0x00000000a6b9b9f8,0x00000000acf80000)
 Metaspace       used 133820K, capacity 142184K, committed 142464K, reserved 1173504K
  class space    used 17192K, capacity 18963K, committed 19072K, reserved 1048576K
Event: 4452.548 GC heap after
Heap after GC invocations=37 (full 4):
 PSYoungGen      total 464896K, used 37843K [0x00000000e0000000, 0x0000000100000000, 0x0000000100000000)
  eden space 405504K, 0% used [0x00000000e0000000,0x00000000e0000000,0x00000000f8c00000)
  from space 59392K, 63% used [0x00000000f8c00000,0x00000000fb0f4c00,0x00000000fc600000)
  to   space 59392K, 0% used [0x00000000fc600000,0x00000000fc600000,0x0000000100000000)
 ParOldGen       total 212480K, used 110198K [0x00000000a0000000, 0x00000000acf80000, 0x00000000e0000000)
  object space 212480K, 51% used [0x00000000a0000000,0x00000000a6b9d9f8,0x00000000acf80000)
 Metaspace       used 133820K, capacity 142184K, committed 142464K, reserved 1173504K
  class space    used 17192K, capacity 18963K, committed 19072K, reserved 1048576K
}
Event: 4553.989 GC heap before
{Heap before GC invocations=38 (full 4):
 PSYoungGen      total 464896K, used 443347K [0x00000000e0000000, 0x0000000100000000, 0x0000000100000000)
  eden space 405504K, 100% used [0x00000000e0000000,0x00000000f8c00000,0x00000000f8c00000)
  from space 59392K, 63% used [0x00000000f8c00000,0x00000000fb0f4c00,0x00000000fc600000)
  to   space 59392K, 0% used [0x00000000fc600000,0x00000000fc600000,0x0000000100000000)
 ParOldGen       total 212480K, used 110198K [0x00000000a0000000, 0x00000000acf80000, 0x00000000e0000000)
  object space 212480K, 51% used [0x00000000a0000000,0x00000000a6b9d9f8,0x00000000acf80000)
 Metaspace       used 137106K, capacity 146254K, committed 146304K, reserved 1175552K
  class space    used 17630K, capacity 19584K, committed 19584K, reserved 1048576K
Event: 4554.162 GC heap after
Heap after GC invocations=38 (full 4):
 PSYoungGen      total 459776K, used 45337K [0x00000000e0000000, 0x0000000100000000, 0x0000000100000000)
  eden space 400384K, 0% used [0x00000000e0000000,0x00000000e0000000,0x00000000f8700000)
  from space 59392K, 76% used [0x00000000fc600000,0x00000000ff246638,0x0000000100000000)
  to   space 61952K, 0% used [0x00000000f8700000,0x00000000f8700000,0x00000000fc380000)
 ParOldGen       total 212480K, used 110206K [0x00000000a0000000, 0x00000000acf80000, 0x00000000e0000000)
  object space 212480K, 51% used [0x00000000a0000000,0x00000000a6b9f9f8,0x00000000acf80000)
 Metaspace       used 137106K, capacity 146254K, committed 146304K, reserved 1175552K
  class space    used 17630K, capacity 19584K, committed 19584K, reserved 1048576K
}
Event: 4586.449 GC heap before
{Heap before GC invocations=39 (full 4):
 PSYoungGen      total 459776K, used 445721K [0x00000000e0000000, 0x0000000100000000, 0x0000000100000000)
  eden space 400384K, 100% used [0x00000000e0000000,0x00000000f8700000,0x00000000f8700000)
  from space 59392K, 76% used [0x00000000fc600000,0x00000000ff246638,0x0000000100000000)
  to   space 61952K, 0% used [0x00000000f8700000,0x00000000f8700000,0x00000000fc380000)
 ParOldGen       total 212480K, used 110206K [0x00000000a0000000, 0x00000000acf80000, 0x00000000e0000000)
  object space 212480K, 51% used [0x00000000a0000000,0x00000000a6b9f9f8,0x00000000acf80000)
 Metaspace       used 138725K, capacity 148022K, committed 148096K, reserved 1177600K
  class space    used 17828K, capacity 19806K, committed 19840K, reserved 1048576K
Event: 4586.523 GC heap after
Heap after GC invocations=39 (full 4):
 PSYoungGen      total 452608K, used 52048K [0x00000000e0000000, 0x0000000100000000, 0x0000000100000000)
  eden space 400384K, 0% used [0x00000000e0000000,0x00000000e0000000,0x00000000f8700000)
  from space 52224K, 99% used [0x00000000f8700000,0x00000000fb9d4318,0x00000000fba00000)
  to   space 66048K, 0% used [0x00000000fbf80000,0x00000000fbf80000,0x0000000100000000)
 ParOldGen       total 212480K, used 110214K [0x00000000a0000000, 0x00000000acf80000, 0x00000000e0000000)
  object space 212480K, 51% used [0x00000000a0000000,0x00000000a6ba19f8,0x00000000acf80000)
 Metaspace       used 138725K, capacity 148022K, committed 148096K, reserved 1177600K
  class space    used 17828K, capacity 19806K, committed 19840K, reserved 1048576K
}
Event: 4591.275 GC heap before
{Heap before GC invocations=40 (full 4):
 PSYoungGen      total 452608K, used 452432K [0x00000000e0000000, 0x0000000100000000, 0x0000000100000000)
  eden space 400384K, 100% used [0x00000000e0000000,0x00000000f8700000,0x00000000f8700000)
  from space 52224K, 99% used [0x00000000f8700000,0x00000000fb9d4318,0x00000000fba00000)
  to   space 66048K, 0% used [0x00000000fbf80000,0x00000000fbf80000,0x0000000100000000)
 ParOldGen       total 212480K, used 110214K [0x00000000a0000000, 0x00000000acf80000, 0x00000000e0000000)
  object space 212480K, 51% used [0x00000000a0000000,0x00000000a6ba19f8,0x00000000acf80000)
 Metaspace       used 146979K, capacity 157292K, committed 157568K, reserved 1185792K
  class space    used 18955K, capacity 21061K, committed 21120K, reserved 1048576K
Event: 4591.473 GC heap after
Heap after GC invocations=40 (full 4):
 PSYoungGen      total 446976K, used 57336K [0x00000000e0000000, 0x0000000100000000, 0x0000000100000000)
  eden space 380928K, 0% used [0x00000000e0000000,0x00000000e0000000,0x00000000f7400000)
  from space 66048K, 86% used [0x00000000fbf80000,0x00000000ff77e1d0,0x0000000100000000)
  to   space 71680K, 0% used [0x00000000f7400000,0x00000000f7400000,0x00000000fba00000)
 ParOldGen       total 212480K, used 110222K [0x00000000a0000000, 0x00000000acf80000, 0x00000000e0000000)
  object space 212480K, 51% used [0x00000000a0000000,0x00000000a6ba39f8,0x00000000acf80000)
 Metaspace       used 146979K, capacity 157292K, committed 157568K, reserved 1185792K
  class space    used 18955K, capacity 21061K, committed 21120K, reserved 1048576K
}

